TN:
SF:contracts/attacks/ReentrancyAttack.sol
DA:28,0
FN:28,VulnerableETHBank.deposit.0
FNDA:0,VulnerableETHBank.deposit.0
DA:29,0
DA:30,0
DA:34,0
FN:34,VulnerableETHBank.withdraw.0
FNDA:0,VulnerableETHBank.withdraw.0
DA:35,0
DA:36,0
BRDA:36,0,0,-
BRDA:36,0,1,-
DA:39,0
DA:40,0
BRDA:40,1,0,-
BRDA:40,1,1,-
DA:43,0
DA:45,0
DA:68,0
FN:68,ReentrancyAttacker.constructor
FNDA:0,ReentrancyAttacker.constructor
DA:69,0
DA:73,0
FN:73,ReentrancyAttacker.attack
FNDA:0,ReentrancyAttacker.attack
DA:74,0
BRDA:74,2,0,-
BRDA:74,2,1,-
DA:75,0
DA:76,0
DA:77,0
DA:78,0
DA:80,0
DA:81,0
BRDA:81,3,0,-
BRDA:81,3,1,-
DA:82,0
DA:86,0
FN:86,ReentrancyAttacker.receive
FNDA:0,ReentrancyAttacker.receive
DA:87,0
BRDA:87,4,0,-
DA:88,0
DA:113,0
FN:113,SecureETHBank.deposit.1
FNDA:0,SecureETHBank.deposit.1
DA:114,0
BRDA:114,5,0,-
DA:115,0
DA:116,0
DA:120,0
FN:120,SecureETHBank.withdraw.1
FNDA:0,SecureETHBank.withdraw.1
DA:121,0
DA:122,0
BRDA:122,6,0,-
DA:125,0
DA:128,0
DA:129,0
BRDA:129,7,0,-
DA:131,0
FNF:7
FNH:0
LF:35
LH:0
BRF:12
BRH:0
end_of_record
TN:
SF:contracts/core/LendingPoolV1.sol
DA:83,45
FN:83,LendingPoolV1.constructor
FNDA:45,LendingPoolV1.constructor
DA:84,45
DA:90,35
FN:90,LendingPoolV1.initialize
FNDA:35,LendingPoolV1.initialize
DA:91,34
BRDA:91,0,0,1
DA:92,33
DA:93,33
DA:100,36
FN:100,LendingPoolV1.addSupportedToken
FNDA:36,LendingPoolV1.addSupportedToken
DA:101,36
BRDA:101,1,0,-
DA:102,36
BRDA:102,2,0,35
DA:103,35
DA:104,35
DA:105,35
DA:110,3
FN:110,LendingPoolV1.setOracle
FNDA:3,LendingPoolV1.setOracle
DA:111,3
BRDA:111,3,0,1
DA:112,2
DA:113,2
DA:121,5
FN:121,LendingPoolV1.deposit
FNDA:5,LendingPoolV1.deposit
DA:122,5
BRDA:122,4,0,-
DA:123,5
BRDA:123,5,0,-
DA:126,5
DA:127,5
DA:130,5
DA:132,5
DA:139,1
FN:139,LendingPoolV1.borrow
FNDA:1,LendingPoolV1.borrow
DA:140,1
BRDA:140,6,0,-
DA:141,1
BRDA:141,7,0,-
DA:143,1
DA:144,1
BRDA:144,8,0,-
DA:147,1
DA:148,1
DA:151,1
DA:152,0
BRDA:152,9,0,-
DA:155,0
DA:157,0
DA:163,0
FN:163,LendingPoolV1.repay
FNDA:0,LendingPoolV1.repay
DA:164,0
BRDA:164,10,0,-
DA:165,0
BRDA:165,11,0,-
DA:167,0
DA:168,0
DA:171,0
DA:172,0
DA:175,0
DA:177,0
DA:183,0
FN:183,LendingPoolV1.withdraw
FNDA:0,LendingPoolV1.withdraw
DA:184,0
BRDA:184,12,0,-
DA:185,0
BRDA:185,13,0,-
DA:187,0
DA:188,0
BRDA:188,14,0,-
DA:191,0
DA:192,0
DA:194,0
DA:195,0
BRDA:195,15,0,-
DA:197,0
DA:199,0
DA:209,0
FN:209,LendingPoolV1.liquidate
FNDA:0,LendingPoolV1.liquidate
DA:213,0
BRDA:213,16,0,-
DA:214,0
BRDA:214,17,0,-
DA:215,0
BRDA:215,18,0,-
DA:218,0
DA:219,0
BRDA:219,19,0,-
DA:221,0
DA:222,0
DA:225,0
DA:226,0
DA:227,0
DA:229,0
DA:230,0
BRDA:230,20,0,-
DA:231,0
DA:235,0
DA:236,0
DA:237,0
DA:238,0
DA:241,0
DA:242,0
DA:244,0
DA:249,0
FN:249,LendingPoolV1.healthFactor
FNDA:0,LendingPoolV1.healthFactor
DA:250,0
DA:253,1
FN:253,LendingPoolV1.getCollateral
FNDA:1,LendingPoolV1.getCollateral
DA:254,1
DA:257,0
FN:257,LendingPoolV1.getDebt
FNDA:0,LendingPoolV1.getDebt
DA:258,0
DA:261,2
FN:261,LendingPoolV1.getTokenList
FNDA:2,LendingPoolV1.getTokenList
DA:262,2
DA:271,1
FN:271,LendingPoolV1._computeHealthFactor
FNDA:1,LendingPoolV1._computeHealthFactor
DA:272,1
DA:273,1
DA:275,1
DA:276,1
DA:277,1
DA:278,1
DA:279,1
DA:281,1
BRDA:281,21,0,1
DA:282,0
BRDA:282,22,0,-
DA:285,0
DA:289,0
BRDA:289,23,0,-
DA:295,0
DA:296,0
DA:301,1
FN:301,LendingPoolV1._tokenValue
FNDA:1,LendingPoolV1._tokenValue
DA:302,1
DA:303,0
DA:307,1
FN:307,LendingPoolV1._getPrice
FNDA:1,LendingPoolV1._getPrice
DA:308,1
DA:309,1
DA:310,1
BRDA:310,24,0,-
DA:312,1
BRDA:312,25,0,-
DA:313,1
BRDA:313,26,0,1
DA:319,6
FN:319,LendingPoolV1._authorizeUpgrade
FNDA:6,LendingPoolV1._authorizeUpgrade
DA:324,2
FN:324,LendingPoolV1.version
FNDA:2,LendingPoolV1.version
DA:325,2
FNF:18
FNH:13
LF:109
LH:55
BRF:27
BRH:5
end_of_record
TN:
SF:contracts/core/LendingPoolV2.sol
DA:51,0
FN:51,LendingPoolV2.initializeV2
FNDA:0,LendingPoolV2.initializeV2
DA:52,0
BRDA:52,0,0,-
DA:53,0
DA:60,0
FN:60,LendingPoolV2.setFlashLoanFee
FNDA:0,LendingPoolV2.setFlashLoanFee
DA:61,0
BRDA:61,1,0,-
DA:62,0
DA:63,0
DA:67,0
FN:67,LendingPoolV2.withdrawFlashLoanFees
FNDA:0,LendingPoolV2.withdrawFlashLoanFees
DA:68,0
DA:69,0
DA:70,0
DA:71,0
DA:87,2
FN:87,LendingPoolV2.flashLoan
FNDA:2,LendingPoolV2.flashLoan
DA:88,2
BRDA:88,2,0,-
DA:89,2
BRDA:89,3,0,-
DA:91,2
DA:92,2
BRDA:92,4,0,-
DA:94,2
DA:95,2
DA:97,2
DA:100,2
DA:103,2
DA:104,2
BRDA:104,5,0,1
DA:107,1
DA:108,1
BRDA:108,6,0,-
DA:109,0
DA:113,1
DA:115,1
DA:120,1
FN:120,LendingPoolV2.version
FNDA:1,LendingPoolV2.version
DA:121,1
FNF:5
FNH:2
LF:30
LH:17
BRF:7
BRH:1
end_of_record
TN:
SF:contracts/core/PoolFactory.sol
DA:51,21
FN:51,PoolFactory.constructor
FNDA:21,PoolFactory.constructor
DA:53,21
DA:54,21
DA:63,11
FN:63,PoolFactory.deployPool
FNDA:11,PoolFactory.deployPool
DA:64,11
BRDA:64,0,0,2
DA:66,9
DA:67,9
DA:68,9
DA:70,9
DA:72,9
DA:82,8
FN:82,PoolFactory.deployPoolDeterministic
FNDA:8,PoolFactory.deployPoolDeterministic
DA:83,8
BRDA:83,1,0,-
DA:84,8
BRDA:84,2,0,1
DA:86,7
DA:89,7
DA:90,7
DA:92,7
DA:93,7
DA:95,7
DA:107,4
FN:107,PoolFactory.predictAddress
FNDA:4,PoolFactory.predictAddress
DA:108,4
DA:109,4
DA:110,4
DA:111,4
DA:114,4
DA:119,1
FN:119,PoolFactory.predictAddressAssembly
FNDA:1,PoolFactory.predictAddressAssembly
DA:122,1
DA:124,1
DA:125,1
DA:126,1
DA:127,1
DA:128,1
DA:135,3
FN:135,PoolFactory.getAllPools
FNDA:3,PoolFactory.getAllPools
DA:136,3
DA:140,3
FN:140,PoolFactory.poolCount
FNDA:3,PoolFactory.poolCount
DA:141,3
DA:146,16
FN:146,PoolFactory._registerPool
FNDA:16,PoolFactory._registerPool
DA:147,16
DA:148,16
FNF:8
FNH:8
LF:39
LH:39
BRF:3
BRH:2
end_of_record
TN:
SF:contracts/governance/DeFiToken.sol
DA:34,27
FN:34,DeFiToken.constructor
FNDA:27,DeFiToken.constructor
DA:39,27
BRDA:39,0,0,1
DA:40,1
DA:42,26
DA:50,7
FN:50,DeFiToken.mint
FNDA:7,DeFiToken.mint
DA:51,6
DA:52,6
BRDA:52,1,0,1
DA:53,1
DA:55,5
DA:56,5
DA:63,1
FN:63,DeFiToken.delegateToSelf
FNDA:1,DeFiToken.delegateToSelf
DA:64,1
DA:71,36
FN:71,DeFiToken._update
FNDA:36,DeFiToken._update
DA:72,36
DA:76,3
FN:76,DeFiToken.nonces
FNDA:3,DeFiToken.nonces
DA:77,3
FNF:5
FNH:5
LF:16
LH:16
BRF:2
BRH:2
end_of_record
TN:
SF:contracts/mocks/MockERC20.sol
DA:11,51
FN:11,MockERC20.constructor
FNDA:51,MockERC20.constructor
DA:12,51
DA:15,16
FN:15,MockERC20.decimals
FNDA:16,MockERC20.decimals
DA:16,16
DA:19,2661
FN:19,MockERC20.mint
FNDA:2661,MockERC20.mint
DA:20,2661
DA:23,0
FN:23,MockERC20.burn
FNDA:0,MockERC20.burn
DA:24,0
FNF:4
FNH:3
LF:8
LH:6
BRF:0
BRH:0
end_of_record
TN:
SF:contracts/mocks/MockFlashLoanReceiver.sol
DA:18,2
FN:18,MockFlashLoanReceiver.constructor
FNDA:2,MockFlashLoanReceiver.constructor
DA:19,2
DA:20,2
DA:23,1
FN:23,MockFlashLoanReceiver.setShouldRepay
FNDA:1,MockFlashLoanReceiver.setShouldRepay
DA:24,1
DA:27,2
FN:27,MockFlashLoanReceiver.onFlashLoan
FNDA:2,MockFlashLoanReceiver.onFlashLoan
DA:32,2
DA:33,2
DA:34,1
BRDA:34,0,0,1
DA:35,1
DA:37,2
FNF:3
FNH:3
LF:11
LH:11
BRF:1
BRH:1
end_of_record
TN:
SF:contracts/mocks/MockOracle.sol
DA:18,34
FN:18,MockOracle.setPrice
FNDA:34,MockOracle.setPrice
DA:19,34
DA:20,34
DA:24,1
FN:24,MockOracle.setTimestamp
FNDA:1,MockOracle.setTimestamp
DA:25,1
DA:29,1
FN:29,MockOracle.getPrice
FNDA:1,MockOracle.getPrice
DA:30,1
DA:31,1
DA:32,1
FNF:3
FNH:3
LF:9
LH:9
BRF:0
BRH:0
end_of_record
TN:
SF:contracts/mocks/MockV3Aggregator.sol
DA:29,63
FN:29,MockV3Aggregator.constructor
FNDA:63,MockV3Aggregator.constructor
DA:30,63
DA:31,63
DA:32,63
DA:38,2
FN:38,MockV3Aggregator.updateAnswer
FNDA:2,MockV3Aggregator.updateAnswer
DA:39,2
DA:47,67
FN:47,MockV3Aggregator.updateRoundData
FNDA:67,MockV3Aggregator.updateRoundData
DA:48,67
DA:49,67
DA:50,67
DA:51,67
DA:53,67
DA:54,67
DA:55,67
DA:60,0
FN:60,MockV3Aggregator.getRoundData
FNDA:0,MockV3Aggregator.getRoundData
DA:66,0
DA:69,12
FN:69,MockV3Aggregator.latestRoundData
FNDA:12,MockV3Aggregator.latestRoundData
DA:75,12
DA:80,65
FN:80,MockV3Aggregator._updateAnswer
FNDA:65,MockV3Aggregator._updateAnswer
DA:81,65
DA:82,65
DA:83,65
DA:84,65
DA:86,65
DA:87,65
DA:88,65
FNF:6
FNH:5
LF:26
LH:24
BRF:0
BRH:0
end_of_record
TN:
SF:contracts/oracle/ChainlinkOracleAdapter.sol
DA:37,2
FN:37,ChainlinkOracleAdapter.setFeed
FNDA:2,ChainlinkOracleAdapter.setFeed
DA:38,2
DA:39,2
DA:46,3
FN:46,ChainlinkOracleAdapter.getPrice
FNDA:3,ChainlinkOracleAdapter.getPrice
DA:47,3
DA:48,3
BRDA:48,0,0,1
DA:49,2
FNF:2
FNH:2
LF:7
LH:7
BRF:1
BRH:1
end_of_record
TN:
SF:contracts/oracle/OracleLib.sol
DA:36,12
FN:36,OracleLib.staleCheckLatestRoundData
FNDA:12,OracleLib.staleCheckLatestRoundData
DA:41,12
DA:44,12
BRDA:44,0,0,-
DA:45,0
DA:49,12
BRDA:49,1,0,1
DA:52,11
BRDA:52,2,0,-
DA:55,11
BRDA:55,3,0,2
DA:56,2
DA:60,9
BRDA:60,4,0,2
DA:67,5
FN:67,OracleLib.getWadPrice
FNDA:5,OracleLib.getWadPrice
DA:68,5
DA:69,4
DA:70,4
DA:71,4
DA:80,9
FN:80,OracleLib.normalizeToWad
FNDA:9,OracleLib.normalizeToWad
DA:82,9
DA:85,9
DA:88,9
BRDA:88,5,0,2
DA:89,2
DA:93,7
DA:94,7
DA:96,6
DA:97,6
DA:98,6
DA:100,1
DA:102,1
DA:103,1
DA:104,1
DA:115,9
FN:115,OracleLib.computeCreate2Address
FNDA:9,OracleLib.computeCreate2Address
DA:122,9
DA:123,9
DA:124,9
DA:125,9
DA:126,9
DA:127,9
FNF:4
FNH:4
LF:35
LH:34
BRF:6
BRH:4
end_of_record
TN:
SF:contracts/vault/YieldVault.sol
DA:63,16
FN:63,YieldVault.constructor
FNDA:16,YieldVault.constructor
DA:67,16
BRDA:67,0,0,-
DA:68,16
DA:69,16
DA:70,16
BRDA:70,1,0,-
DA:71,0
DA:79,512
FN:79,YieldVault.totalAssets
FNDA:512,YieldVault.totalAssets
DA:80,14855
DA:86,9605
FN:86,YieldVault.deposit
FNDA:9605,YieldVault.deposit
DA:93,9349
BRDA:93,2,0,256
DA:94,9093
DA:100,256
FN:100,YieldVault.mint
FNDA:256,YieldVault.mint
DA:107,256
BRDA:107,3,0,-
DA:108,256
DA:115,256
FN:115,YieldVault.withdraw
FNDA:256,YieldVault.withdraw
DA:122,256
BRDA:122,4,0,-
DA:123,256
DA:130,2946
FN:130,YieldVault.redeem
FNDA:2946,YieldVault.redeem
DA:137,2946
BRDA:137,5,0,-
DA:138,2946
DA:144,256
FN:144,YieldVault.pause
FNDA:256,YieldVault.pause
DA:145,256
DA:149,0
FN:149,YieldVault.unpause
FNDA:0,YieldVault.unpause
DA:150,0
DA:154,0
FN:154,YieldVault.setLendingPool
FNDA:0,YieldVault.setLendingPool
DA:155,0
DA:156,0
DA:157,0
DA:164,7271
FN:164,YieldVault.accrueYield
FNDA:7271,YieldVault.accrueYield
DA:165,7271
BRDA:165,6,0,-
DA:166,7271
DA:167,7271
DA:172,0
FN:172,YieldVault.deployToLendingPool
FNDA:0,YieldVault.deployToLendingPool
DA:173,0
BRDA:173,7,0,-
DA:174,0
BRDA:174,8,0,-
DA:176,0
DA:177,0
DA:178,0
DA:179,0
DA:181,0
DA:186,0
FN:186,YieldVault.recallFromLendingPool
FNDA:0,YieldVault.recallFromLendingPool
DA:187,0
BRDA:187,9,0,-
DA:188,0
BRDA:188,10,0,-
DA:189,0
BRDA:189,11,0,-
DA:191,0
DA:192,0
DA:194,0
DA:199,0
FN:199,YieldVault.supportsInterface
FNDA:0,YieldVault.supportsInterface
DA:200,0
FNF:13
FNH:8
LF:49
LH:25
BRF:12
BRH:1
end_of_record
TN:
SF:script/Deploy.s.sol
DA:40,0
FN:40,Deploy.run
FNDA:0,Deploy.run
DA:41,0
DA:42,0
DA:44,0
DA:45,0
DA:47,0
DA:50,0
BRDA:50,0,0,-
BRDA:50,0,1,-
DA:51,0
DA:52,0
DA:53,0
DA:55,0
DA:56,0
DA:57,0
DA:61,0
DA:62,0
DA:63,0
DA:65,0
DA:66,0
DA:69,0
DA:70,0
DA:73,0
DA:74,0
DA:77,0
BRDA:77,1,0,-
DA:78,0
DA:79,0
DA:80,0
DA:82,0
DA:83,0
DA:84,0
DA:87,0
DA:88,0
DA:91,0
DA:93,0
DA:94,0
DA:95,0
DA:98,0
FN:98,Deploy._strEq
FNDA:0,Deploy._strEq
DA:99,0
FNF:2
FNH:0
LF:37
LH:0
BRF:3
BRH:0
end_of_record
TN:
SF:script/Upgrade.s.sol
DA:25,0
FN:25,Upgrade.run
FNDA:0,Upgrade.run
DA:26,0
DA:27,0
DA:28,0
DA:29,0
DA:31,0
DA:32,0
DA:33,0
DA:35,0
DA:38,0
DA:39,0
DA:42,0
DA:45,0
DA:47,0
DA:50,0
DA:51,0
DA:52,0
DA:53,0
DA:55,0
BRDA:55,0,0,-
BRDA:55,0,1,-
FNF:1
FNH:0
LF:19
LH:0
BRF:2
BRH:0
end_of_record
TN:
SF:script/Verify.s.sol
DA:22,0
FN:22,Verify.run
FNDA:0,Verify.run
DA:23,0
DA:24,0
DA:26,0
DA:27,0
DA:28,0
DA:29,0
DA:30,0
DA:31,0
DA:33,0
DA:34,0
DA:35,0
DA:37,0
BRDA:37,0,0,-
DA:38,0
DA:39,0
DA:52,0
BRDA:52,1,0,-
DA:53,0
DA:54,0
DA:67,0
BRDA:67,2,0,-
DA:68,0
DA:69,0
DA:82,0
BRDA:82,3,0,-
DA:83,0
DA:84,0
DA:97,0
BRDA:97,4,0,-
DA:98,0
DA:99,0
DA:112,0
BRDA:112,5,0,-
DA:113,0
DA:114,0
DA:127,0
FNF:1
FNH:0
LF:31
LH:0
BRF:6
BRH:0
end_of_record
TN:
SF:test/invariant/VaultInvariant.t.sol
DA:21,5
FN:21,VaultHandler.constructor
FNDA:5,VaultHandler.constructor
DA:22,5
DA:23,5
DA:24,5
DA:26,5
DA:27,5
DA:28,5
DA:30,5
DA:31,15
DA:32,15
DA:33,15
DA:37,0
FN:37,VaultHandler.actors
FNDA:0,VaultHandler.actors
DA:38,0
DA:41,7045
FN:41,VaultHandler.deposit
FNDA:7045,VaultHandler.deposit
DA:42,7045
DA:43,7045
DA:45,7045
DA:46,7045
BRDA:46,0,0,-
DA:47,0
DA:50,7045
DA:51,7045
DA:52,7045
DA:55,6575
FN:55,VaultHandler.redeem
FNDA:6575,VaultHandler.redeem
DA:56,6575
DA:57,6575
DA:58,6575
BRDA:58,1,0,4141
DA:59,2434
DA:61,2434
DA:62,2434
DA:63,686
DA:66,7015
FN:66,VaultHandler.accrueYield
FNDA:7015,VaultHandler.accrueYield
DA:67,7015
DA:68,7015
DA:69,7015
DA:70,7015
FNF:5
FNH:4
LF:35
LH:32
BRF:2
BRH:1
end_of_record
TN:
SF:test/unit/OracleLib.t.sol
DA:14,7
FN:14,OracleLibHarness.staleCheck
FNDA:7,OracleLibHarness.staleCheck
DA:15,7
DA:18,3
FN:18,OracleLibHarness.getWad
FNDA:3,OracleLibHarness.getWad
DA:19,3
DA:22,5
FN:22,OracleLibHarness.normalize
FNDA:5,OracleLibHarness.normalize
DA:23,5
DA:26,5
FN:26,OracleLibHarness.computeCreate2
FNDA:5,OracleLibHarness.computeCreate2
DA:27,5
FNF:4
FNH:4
LF:8
LH:8
BRF:0
BRH:0
end_of_record
